<?xml version="1.0" encoding="UTF-8"?>
<!-- Generated by org.testng.reporters.JUnitReportReporter -->
<testsuite hostname="Testvm" failures="0" tests="2" name="org.obsquare.TestngCourse.Annotations" time="0.020" errors="0" timestamp="2023-09-25T16:28:31 UTC" skipped="0">
  <testcase classname="org.obsquare.TestngCourse.Annotations" name="testCase1" time="0.016"/>
  <testcase classname="org.obsquare.TestngCourse.Annotations" name="testCase2" time="0.004"/>
</testsuite> <!-- org.obsquare.TestngCourse.Annotations -->
