<?xml version="1.0" encoding="UTF-8"?>
<!-- Generated by org.testng.reporters.JUnitReportReporter -->
<testsuite hostname="Obsquare" failures="0" tests="2" name="org.obsquare.TestngCourse.Annotations" time="0.036" errors="0" timestamp="2023-10-11T17:15:24 UTC" skipped="0">
  <testcase classname="org.obsquare.TestngCourse.Annotations" name="testCase1" time="0.030"/>
  <testcase classname="org.obsquare.TestngCourse.Annotations" name="testCase2" time="0.006"/>
</testsuite> <!-- org.obsquare.TestngCourse.Annotations -->
